<?xml version="1.0" encoding="UTF-8" ?>
<testsuite tests="10" failures="0" name="TestAlgorithms" time="0.127" errors="0" skipped="0">
  <properties>
[...]
</properties>
  <testcase classname="TestAlgorithms" name="rrpRoomsAndRPC_CorridorsTest" time="0.031"/>
  <testcase classname="TestAlgorithms" name="rrpRoomsAndRPC_RoomsTest" time="0.017"/>
  <testcase classname="TestAlgorithms" name="rrpRoomsAndDW_RoomsTest" time="0.008"/>
  <testcase classname="TestAlgorithms" name="rrpRoomsAndDW_CorridorsTest" time="0.008"/>
  <testcase classname="TestAlgorithms" name="bspRoomsAndRPC_RoomsTest" time="0.011"/>
  <testcase classname="TestAlgorithms" name="bspRoomsAndRPC_CorridorsTest" time="0.007"/>
  <testcase classname="TestAlgorithms" name="bspRoomsAndDW_RoomsTest" time="0.008"/>
  <testcase classname="TestAlgorithms" name="bspRoomsAndDW_CorridorsTest" time="0.01"/>
  <testcase classname="TestAlgorithms" name="bspRoomsAndBspCorridors_CorridorsTest" time="0.026"/>
  <testcase classname="TestAlgorithms" name="bspRoomsAndBspCorridors_RoomsTest" time="0.001"/>
</testsuite>